{
  "RSpec": {
    "coverage": {
      "/home/ThornlessRose3/tic-tac-toe-rb-online-web-sp-000/lib/tic_tac_toe.rb": [
        null,
        null,
        1,
        null,
        null,
        null,
        null,
        null,
        null,
        null,
        null,
        null,
        null,
        1,
        24,
        24,
        24,
        24,
        24,
        null,
        null,
        null,
        1,
        22,
        null,
        null,
        null,
        1,
        21,
        21,
        null,
        null,
        null,
        1,
        542,
        null,
        null,
        null,
        1,
        22,
        20,
        null,
        2,
        null,
        null,
        null,
        null,
        1,
        19,
        19,
        19,
        19,
        18,
        null,
        1,
        null,
        19,
        null,
        null,
        null,
        1,
        20,
        20,
        20,
        180,
        30,
        null,
        180,
        null,
        20,
        null,
        null,
        null,
        1,
        19,
        5,
        null,
        14,
        null,
        null,
        null,
        null,
        1,
        69,
        null,
        518,
        518,
        518,
        518,
        518,
        518,
        518,
        14,
        null,
        null,
        null,
        null,
        null,
        null,
        1,
        39,
        39,
        164,
        null,
        33,
        null,
        131,
        null,
        6,
        null,
        null,
        null,
        1,
        30,
        null,
        28,
        5,
        null,
        null,
        null,
        null,
        null,
        null,
        1,
        18,
        8,
        null,
        null,
        null,
        null,
        null,
        null,
        1,
        4,
        null,
        null,
        3,
        3,
        null,
        null,
        null,
        null,
        1,
        12,
        16,
        16,
        2,
        14,
        0,
        null,
        null,
        null
      ]
    },
    "timestamp": 1590250424
  }
}
