{
  "RSpec": {
    "coverage": {
      "/home/ThornlessRose3/tic-tac-toe-rb-online-web-sp-000/lib/tic_tac_toe.rb": [
        1,
        null,
        null,
        null,
        1,
        null,
        null,
        null,
        null,
        null,
        null,
        null,
        null,
        null,
        null,
        1,
        25,
        25,
        25,
        25,
        25,
        null,
        null,
        null,
        1,
        23,
        null,
        null,
        null,
        1,
        22,
        22,
        null,
        null,
        null,
        1,
        503,
        null,
        null,
        null,
        1,
        23,
        21,
        null,
        2,
        null,
        null,
        null,
        null,
        1,
        20,
        20,
        20,
        20,
        19,
        null,
        1,
        null,
        20,
        null,
        null,
        null,
        1,
        21,
        21,
        21,
        189,
        31,
        null,
        189,
        null,
        21,
        null,
        null,
        null,
        1,
        20,
        6,
        null,
        14,
        null,
        null,
        null,
        null,
        1,
        60,
        412,
        412,
        412,
        412,
        412,
        412,
        412,
        18,
        null,
        null,
        null,
        null,
        null,
        null,
        1,
        33,
        33,
        150,
        null,
        25,
        null,
        125,
        null,
        8,
        null,
        null,
        null,
        1,
        23,
        null,
        21,
        7,
        null,
        null,
        null,
        null,
        null,
        null,
        1,
        21,
        10,
        null,
        null,
        null,
        null,
        null,
        null,
        1,
        7,
        6,
        25,
        25,
        25,
        25,
        25,
        25,
        25,
        6,
        null,
        null,
        null,
        null,
        null,
        null,
        1,
        12,
        17,
        null,
        null,
        12,
        5,
        7,
        3,
        null,
        null
      ]
    },
    "timestamp": 1590252930
  }
}
